The system is: Linux - 2.6.32-5-686 - i686
Compiling the Fortran compiler identification source file "CMakeFortranCompilerId.F" succeeded.
Compiler: /opt/intel/composerxe-2011.0.084/bin/ia32/ifort 
Build flags: 
Id flags: 

The output was:
0


Compilation of the Fortran compiler identification source "CMakeFortranCompilerId.F" produced "a.out"

The Fortran compiler identification is Intel, found in "/home/dante/CODE/jedbrown-cmake-modules-f103d9f/build/CMakeFiles/CompilerIdFortran/a.out"

Compiling the C compiler identification source file "CMakeCCompilerId.c" succeeded.
Compiler: /usr/bin/gcc 
Build flags: 
Id flags: 

The output was:
0


Compilation of the C compiler identification source "CMakeCCompilerId.c" produced "a.out"

The C compiler identification is GNU, found in "/home/dante/CODE/jedbrown-cmake-modules-f103d9f/build/CMakeFiles/CompilerIdC/a.out"

Determining if the Fortran compiler works passed with the following output:
Change Dir: /home/dante/CODE/jedbrown-cmake-modules-f103d9f/build/CMakeFiles/CMakeTmp

Run Build Command:/usr/bin/make "cmTryCompileExec/fast"
/usr/bin/make -f CMakeFiles/cmTryCompileExec.dir/build.make CMakeFiles/cmTryCompileExec.dir/build
make[1]: Entering directory `/home/dante/CODE/jedbrown-cmake-modules-f103d9f/build/CMakeFiles/CMakeTmp'
/usr/bin/cmake -E cmake_progress_report /home/dante/CODE/jedbrown-cmake-modules-f103d9f/build/CMakeFiles/CMakeTmp/CMakeFiles 1
Building Fortran object CMakeFiles/cmTryCompileExec.dir/testFortranCompiler.f.o
/opt/intel/composerxe-2011.0.084/bin/ia32/ifort  -o CMakeFiles/cmTryCompileExec.dir/testFortranCompiler.f.o   -c /home/dante/CODE/jedbrown-cmake-modules-f103d9f/build/CMakeFiles/CMakeTmp/testFortranCompiler.f
Linking Fortran executable cmTryCompileExec
/usr/bin/cmake -E cmake_link_script CMakeFiles/cmTryCompileExec.dir/link.txt --verbose=1
/opt/intel/composerxe-2011.0.084/bin/ia32/ifort        CMakeFiles/cmTryCompileExec.dir/testFortranCompiler.f.o  -o cmTryCompileExec -i_dynamic 
make[1]: Leaving directory `/home/dante/CODE/jedbrown-cmake-modules-f103d9f/build/CMakeFiles/CMakeTmp'


Detecting Fortran compiler ABI info compiled with the following output:
Change Dir: /home/dante/CODE/jedbrown-cmake-modules-f103d9f/build/CMakeFiles/CMakeTmp

Run Build Command:/usr/bin/make "cmTryCompileExec/fast"
/usr/bin/make -f CMakeFiles/cmTryCompileExec.dir/build.make CMakeFiles/cmTryCompileExec.dir/build
make[1]: Entering directory `/home/dante/CODE/jedbrown-cmake-modules-f103d9f/build/CMakeFiles/CMakeTmp'
/usr/bin/cmake -E cmake_progress_report /home/dante/CODE/jedbrown-cmake-modules-f103d9f/build/CMakeFiles/CMakeTmp/CMakeFiles 1
Building Fortran object CMakeFiles/cmTryCompileExec.dir/CMakeFortranCompilerABI.F.o
/opt/intel/composerxe-2011.0.084/bin/ia32/ifort  -o CMakeFiles/cmTryCompileExec.dir/CMakeFortranCompilerABI.F.o   -c /usr/share/cmake-2.8/Modules/CMakeFortranCompilerABI.F
Linking Fortran executable cmTryCompileExec
/usr/bin/cmake -E cmake_link_script CMakeFiles/cmTryCompileExec.dir/link.txt --verbose=1
/opt/intel/composerxe-2011.0.084/bin/ia32/ifort   -v     CMakeFiles/cmTryCompileExec.dir/CMakeFortranCompilerABI.F.o  -o cmTryCompileExec -i_dynamic  
Version 12.0.0
/opt/intel/composerxe-2011.0.084/bin/ia32/fortcom    -mP1OPT_version=12.0-ia32 -mGLOB_diag_file=CMakeFiles/cmTryCompileExec.dir/CMakeFortranCompilerABI.F.diag -mGLOB_source_language=GLOB_SOURCE_LANGUAGE_F90 -mGLOB_tune_for_fort -mGLOB_use_fort_dope_vector -mP2OPT_static_promotion -mP1OPT_print_version=FALSE -mCG_use_gas_got_workaround=F -mP2OPT_align_option_used=TRUE "-mGLOB_options_string=-v -o cmTryCompileExec -i_dynamic" -mGLOB_cxx_limited_range=FALSE -mGLOB_as_output_backup_file_name=/tmp/ifortgS5Fw2as_.s -mIPOPT_activate -mGLOB_machine_model=GLOB_MACHINE_MODEL_PW -mGLOB_product_id_code=0x21001d60 -mP3OPT_use_mspp_call_convention -mP2OPT_subs_out_of_bound=FALSE -mGLOB_ansi_alias -mP2OPT_il0_array_sections=TRUE -mP2OPT_hlo -mP2OPT_hpo_rtt_control=0 -mIPOPT_link -mIPOPT_ipo_activate -mIPOPT_mo_activate -mIPOPT_source_files_list=/tmp/ifortKiOVhnslis -mIPOPT_mo_global_data -mIPOPT_link_script_file=/tmp/ifortbMJpHVscript -mIPOPT_link_version=2.20.1-system.20100303 "-mIPOPT_cmdline_link="/usr/lib/gcc/i486-linux-gnu/4.4.5/../../../../lib/crt1.o" "/usr/lib/gcc/i486-linux-gnu/4.4.5/../../../../lib/crti.o" "/usr/lib/gcc/i486-linux-gnu/4.4.5/crtbegin.o" "--eh-frame-hdr" "-dynamic-linker" "/lib/ld-linux.so.2" "-m" "elf_i386" "-o" "cmTryCompileExec" "/opt/intel/composerxe-2011.0.084/compiler/lib/ia32/for_main.o" "-L/opt/intel/composerxe-2011.0.084/compiler/lib/ia32" "-L/opt/intel/composerxe-2011.0.084/compiler/lib/ia32" "-L/opt/intel/composerxe-2011.0.084/mkl/lib/ia32" "-L/opt/intel/composerxe-2011.0.084/compiler/lib/ia32" "-L/usr/lib/gcc/i486-linux-gnu/4.4.5/" "-L/usr/lib/gcc/i486-linux-gnu/4.4.5/../../../../lib/" "-L/lib/../lib/" "-L/usr/lib/../lib/" "-L/opt/intel/composerxe-2011.0.084/compiler/lib/ia32/" "-L/opt/intel/composerxe-2011.0.084/mkl/lib/ia32/" "-L/usr/lib/gcc/i486-linux-gnu/4.4.5/../../../" "-L/lib/" "-L/usr/lib/" "-L/usr/lib/i486-linux-gnu" "CMakeFiles/cmTryCompileExec.dir/CMakeFortranCompilerABI.F.o" "-lifport" "-lifcore" "-limf" "-lsvml" "-lm" "-lipgo" "-lintlc" "-lc" "-lgcc_s" "-lgcc" "-lirc_s" "-ldl" "-lc" "/usr/lib/gcc/i486-linux-gnu/4.4.5/crtend.o" "/usr/lib/gcc/i486-linux-gnu/4.4.5/../../../../lib/crtn.o"" -mIPOPT_il_in_obj -mIPOPT_ipo_activate_warn=FALSE -mIPOPT_obj_output_file_name=/tmp/ipo_ifortzyT5O2.o -mGLOB_linker_version=2.20.1-system.20100303 -mP3OPT_asm_target=P3OPT_ASM_TARGET_GAS -mGLOB_obj_output_file=/tmp/ipo_ifortzyT5O2.o -mP1OPT_source_file_name=ipo_out.f -mP2OPT_symtab_type_copy=true CMakeFiles/cmTryCompileExec.dir/CMakeFortranCompilerABI.F.o -mIPOPT_object_files=/tmp/ifortWuLyeBolis -mIPOPT_assembly_files=/tmp/ifortyxQ1D9alis -mIPOPT_generated_tempfiles=/tmp/ifort7z4u3Helis -mIPOPT_embedded_object_base_name=/tmp/ifort8rtYsgeobj -mIPOPT_cmdline_link_new_name=/tmp/ifortcp3rSOllis
ld    /usr/lib/gcc/i486-linux-gnu/4.4.5/../../../../lib/crt1.o /usr/lib/gcc/i486-linux-gnu/4.4.5/../../../../lib/crti.o /usr/lib/gcc/i486-linux-gnu/4.4.5/crtbegin.o --eh-frame-hdr -dynamic-linker /lib/ld-linux.so.2 -m elf_i386 -o cmTryCompileExec /opt/intel/composerxe-2011.0.084/compiler/lib/ia32/for_main.o -L/opt/intel/composerxe-2011.0.084/compiler/lib/ia32 -L/opt/intel/composerxe-2011.0.084/compiler/lib/ia32 -L/opt/intel/composerxe-2011.0.084/mkl/lib/ia32 -L/opt/intel/composerxe-2011.0.084/compiler/lib/ia32 -L/usr/lib/gcc/i486-linux-gnu/4.4.5/ -L/usr/lib/gcc/i486-linux-gnu/4.4.5/../../../../lib/ -L/lib/../lib/ -L/usr/lib/../lib/ -L/opt/intel/composerxe-2011.0.084/compiler/lib/ia32/ -L/opt/intel/composerxe-2011.0.084/mkl/lib/ia32/ -L/usr/lib/gcc/i486-linux-gnu/4.4.5/../../../ -L/lib/ -L/usr/lib/ -L/usr/lib/i486-linux-gnu CMakeFiles/cmTryCompileExec.dir/CMakeFortranCompilerABI.F.o -lifport -lifcore -limf -lsvml -lm -lipgo -lintlc -lc -lgcc_s -lgcc -lirc_s -ldl -lc /usr/lib/gcc/i486-linux-gnu/4.4.5/crtend.o /usr/lib/gcc/i486-linux-gnu/4.4.5/../../../../lib/crtn.o
rm /tmp/ifortHkWn0Vlibgcc

rm /tmp/iforth0nDpugnudirs

rm /tmp/ifortWuLyeBolis

rm /tmp/ifortyxQ1D9alis

rm /tmp/ifort7z4u3Helis

rm /tmp/ifortcp3rSOllis

rm /tmp/ifortKiOVhnslis

rm /tmp/ifortbMJpHVscript

rm /tmp/ipo_ifortzyT5O2.o

rm /tmp/ifortoEVT6tgas

rm /tmp/ifortgS5Fw2as_.s

rm /tmp/ifortUCJsWAldashv

rm /tmp/ifortr1Rvm9gnudirs

rm /tmp/ifortiUHXMHarg

make[1]: Leaving directory `/home/dante/CODE/jedbrown-cmake-modules-f103d9f/build/CMakeFiles/CMakeTmp'


Parsed Fortran implicit link information from above output:
  link line regex: [^( *|.*[/\])(ld|ld|collect2)[^/\]*( |$)]
  ignore line: [Change Dir: /home/dante/CODE/jedbrown-cmake-modules-f103d9f/build/CMakeFiles/CMakeTmp]
  ignore line: []
  ignore line: [Run Build Command:/usr/bin/make "cmTryCompileExec/fast"]
  ignore line: [/usr/bin/make -f CMakeFiles/cmTryCompileExec.dir/build.make CMakeFiles/cmTryCompileExec.dir/build]
  ignore line: [make[1]: Entering directory `/home/dante/CODE/jedbrown-cmake-modules-f103d9f/build/CMakeFiles/CMakeTmp']
  ignore line: [/usr/bin/cmake -E cmake_progress_report /home/dante/CODE/jedbrown-cmake-modules-f103d9f/build/CMakeFiles/CMakeTmp/CMakeFiles 1]
  ignore line: [Building Fortran object CMakeFiles/cmTryCompileExec.dir/CMakeFortranCompilerABI.F.o]
  ignore line: [/opt/intel/composerxe-2011.0.084/bin/ia32/ifort  -o CMakeFiles/cmTryCompileExec.dir/CMakeFortranCompilerABI.F.o   -c /usr/share/cmake-2.8/Modules/CMakeFortranCompilerABI.F]
  ignore line: [Linking Fortran executable cmTryCompileExec]
  ignore line: [/usr/bin/cmake -E cmake_link_script CMakeFiles/cmTryCompileExec.dir/link.txt --verbose=1]
  ignore line: [/opt/intel/composerxe-2011.0.084/bin/ia32/ifort   -v     CMakeFiles/cmTryCompileExec.dir/CMakeFortranCompilerABI.F.o  -o cmTryCompileExec -i_dynamic  ]
  ignore line: [Version 12.0.0]
  ignore line: [/opt/intel/composerxe-2011.0.084/bin/ia32/fortcom    -mP1OPT_version=12.0-ia32 -mGLOB_diag_file=CMakeFiles/cmTryCompileExec.dir/CMakeFortranCompilerABI.F.diag -mGLOB_source_language=GLOB_SOURCE_LANGUAGE_F90 -mGLOB_tune_for_fort -mGLOB_use_fort_dope_vector -mP2OPT_static_promotion -mP1OPT_print_version=FALSE -mCG_use_gas_got_workaround=F -mP2OPT_align_option_used=TRUE "-mGLOB_options_string=-v -o cmTryCompileExec -i_dynamic" -mGLOB_cxx_limited_range=FALSE -mGLOB_as_output_backup_file_name=/tmp/ifortgS5Fw2as_.s -mIPOPT_activate -mGLOB_machine_model=GLOB_MACHINE_MODEL_PW -mGLOB_product_id_code=0x21001d60 -mP3OPT_use_mspp_call_convention -mP2OPT_subs_out_of_bound=FALSE -mGLOB_ansi_alias -mP2OPT_il0_array_sections=TRUE -mP2OPT_hlo -mP2OPT_hpo_rtt_control=0 -mIPOPT_link -mIPOPT_ipo_activate -mIPOPT_mo_activate -mIPOPT_source_files_list=/tmp/ifortKiOVhnslis -mIPOPT_mo_global_data -mIPOPT_link_script_file=/tmp/ifortbMJpHVscript -mIPOPT_link_version=2.20.1-system.20100303 "-mIPOPT_cmdline_link="/usr/lib/gcc/i486-linux-gnu/4.4.5/../../../../lib/crt1.o" "/usr/lib/gcc/i486-linux-gnu/4.4.5/../../../../lib/crti.o" "/usr/lib/gcc/i486-linux-gnu/4.4.5/crtbegin.o" "--eh-frame-hdr" "-dynamic-linker" "/lib/ld-linux.so.2" "-m" "elf_i386" "-o" "cmTryCompileExec" "/opt/intel/composerxe-2011.0.084/compiler/lib/ia32/for_main.o" "-L/opt/intel/composerxe-2011.0.084/compiler/lib/ia32" "-L/opt/intel/composerxe-2011.0.084/compiler/lib/ia32" "-L/opt/intel/composerxe-2011.0.084/mkl/lib/ia32" "-L/opt/intel/composerxe-2011.0.084/compiler/lib/ia32" "-L/usr/lib/gcc/i486-linux-gnu/4.4.5/" "-L/usr/lib/gcc/i486-linux-gnu/4.4.5/../../../../lib/" "-L/lib/../lib/" "-L/usr/lib/../lib/" "-L/opt/intel/composerxe-2011.0.084/compiler/lib/ia32/" "-L/opt/intel/composerxe-2011.0.084/mkl/lib/ia32/" "-L/usr/lib/gcc/i486-linux-gnu/4.4.5/../../../" "-L/lib/" "-L/usr/lib/" "-L/usr/lib/i486-linux-gnu" "CMakeFiles/cmTryCompileExec.dir/CMakeFortranCompilerABI.F.o" "-lifport" "-lifcore" "-limf" "-lsvml" "-lm" "-lipgo" "-lintlc" "-lc" "-lgcc_s" "-lgcc" "-lirc_s" "-ldl" "-lc" "/usr/lib/gcc/i486-linux-gnu/4.4.5/crtend.o" "/usr/lib/gcc/i486-linux-gnu/4.4.5/../../../../lib/crtn.o"" -mIPOPT_il_in_obj -mIPOPT_ipo_activate_warn=FALSE -mIPOPT_obj_output_file_name=/tmp/ipo_ifortzyT5O2.o -mGLOB_linker_version=2.20.1-system.20100303 -mP3OPT_asm_target=P3OPT_ASM_TARGET_GAS -mGLOB_obj_output_file=/tmp/ipo_ifortzyT5O2.o -mP1OPT_source_file_name=ipo_out.f -mP2OPT_symtab_type_copy=true CMakeFiles/cmTryCompileExec.dir/CMakeFortranCompilerABI.F.o -mIPOPT_object_files=/tmp/ifortWuLyeBolis -mIPOPT_assembly_files=/tmp/ifortyxQ1D9alis -mIPOPT_generated_tempfiles=/tmp/ifort7z4u3Helis -mIPOPT_embedded_object_base_name=/tmp/ifort8rtYsgeobj -mIPOPT_cmdline_link_new_name=/tmp/ifortcp3rSOllis]
  link line: [ld    /usr/lib/gcc/i486-linux-gnu/4.4.5/../../../../lib/crt1.o /usr/lib/gcc/i486-linux-gnu/4.4.5/../../../../lib/crti.o /usr/lib/gcc/i486-linux-gnu/4.4.5/crtbegin.o --eh-frame-hdr -dynamic-linker /lib/ld-linux.so.2 -m elf_i386 -o cmTryCompileExec /opt/intel/composerxe-2011.0.084/compiler/lib/ia32/for_main.o -L/opt/intel/composerxe-2011.0.084/compiler/lib/ia32 -L/opt/intel/composerxe-2011.0.084/compiler/lib/ia32 -L/opt/intel/composerxe-2011.0.084/mkl/lib/ia32 -L/opt/intel/composerxe-2011.0.084/compiler/lib/ia32 -L/usr/lib/gcc/i486-linux-gnu/4.4.5/ -L/usr/lib/gcc/i486-linux-gnu/4.4.5/../../../../lib/ -L/lib/../lib/ -L/usr/lib/../lib/ -L/opt/intel/composerxe-2011.0.084/compiler/lib/ia32/ -L/opt/intel/composerxe-2011.0.084/mkl/lib/ia32/ -L/usr/lib/gcc/i486-linux-gnu/4.4.5/../../../ -L/lib/ -L/usr/lib/ -L/usr/lib/i486-linux-gnu CMakeFiles/cmTryCompileExec.dir/CMakeFortranCompilerABI.F.o -lifport -lifcore -limf -lsvml -lm -lipgo -lintlc -lc -lgcc_s -lgcc -lirc_s -ldl -lc /usr/lib/gcc/i486-linux-gnu/4.4.5/crtend.o /usr/lib/gcc/i486-linux-gnu/4.4.5/../../../../lib/crtn.o]
    arg [ld] ==> ignore
    arg [/usr/lib/gcc/i486-linux-gnu/4.4.5/../../../../lib/crt1.o] ==> ignore
    arg [/usr/lib/gcc/i486-linux-gnu/4.4.5/../../../../lib/crti.o] ==> ignore
    arg [/usr/lib/gcc/i486-linux-gnu/4.4.5/crtbegin.o] ==> ignore
    arg [--eh-frame-hdr] ==> ignore
    arg [-dynamic-linker] ==> ignore
    arg [/lib/ld-linux.so.2] ==> ignore
    arg [-m] ==> ignore
    arg [elf_i386] ==> ignore
    arg [-o] ==> ignore
    arg [cmTryCompileExec] ==> ignore
    arg [/opt/intel/composerxe-2011.0.084/compiler/lib/ia32/for_main.o] ==> ignore
    arg [-L/opt/intel/composerxe-2011.0.084/compiler/lib/ia32] ==> dir [/opt/intel/composerxe-2011.0.084/compiler/lib/ia32]
    arg [-L/opt/intel/composerxe-2011.0.084/compiler/lib/ia32] ==> dir [/opt/intel/composerxe-2011.0.084/compiler/lib/ia32]
    arg [-L/opt/intel/composerxe-2011.0.084/mkl/lib/ia32] ==> dir [/opt/intel/composerxe-2011.0.084/mkl/lib/ia32]
    arg [-L/opt/intel/composerxe-2011.0.084/compiler/lib/ia32] ==> dir [/opt/intel/composerxe-2011.0.084/compiler/lib/ia32]
    arg [-L/usr/lib/gcc/i486-linux-gnu/4.4.5/] ==> dir [/usr/lib/gcc/i486-linux-gnu/4.4.5/]
    arg [-L/usr/lib/gcc/i486-linux-gnu/4.4.5/../../../../lib/] ==> dir [/usr/lib/gcc/i486-linux-gnu/4.4.5/../../../../lib/]
    arg [-L/lib/../lib/] ==> dir [/lib/../lib/]
    arg [-L/usr/lib/../lib/] ==> dir [/usr/lib/../lib/]
    arg [-L/opt/intel/composerxe-2011.0.084/compiler/lib/ia32/] ==> dir [/opt/intel/composerxe-2011.0.084/compiler/lib/ia32/]
    arg [-L/opt/intel/composerxe-2011.0.084/mkl/lib/ia32/] ==> dir [/opt/intel/composerxe-2011.0.084/mkl/lib/ia32/]
    arg [-L/usr/lib/gcc/i486-linux-gnu/4.4.5/../../../] ==> dir [/usr/lib/gcc/i486-linux-gnu/4.4.5/../../../]
    arg [-L/lib/] ==> dir [/lib/]
    arg [-L/usr/lib/] ==> dir [/usr/lib/]
    arg [-L/usr/lib/i486-linux-gnu] ==> dir [/usr/lib/i486-linux-gnu]
    arg [CMakeFiles/cmTryCompileExec.dir/CMakeFortranCompilerABI.F.o] ==> ignore
    arg [-lifport] ==> lib [ifport]
    arg [-lifcore] ==> lib [ifcore]
    arg [-limf] ==> lib [imf]
    arg [-lsvml] ==> lib [svml]
    arg [-lm] ==> lib [m]
    arg [-lipgo] ==> lib [ipgo]
    arg [-lintlc] ==> lib [intlc]
    arg [-lc] ==> lib [c]
    arg [-lgcc_s] ==> lib [gcc_s]
    arg [-lgcc] ==> lib [gcc]
    arg [-lirc_s] ==> lib [irc_s]
    arg [-ldl] ==> lib [dl]
    arg [-lc] ==> lib [c]
    arg [/usr/lib/gcc/i486-linux-gnu/4.4.5/crtend.o] ==> ignore
    arg [/usr/lib/gcc/i486-linux-gnu/4.4.5/../../../../lib/crtn.o] ==> ignore
  remove lib [gcc_s]
  remove lib [gcc]
  collapse dir [/opt/intel/composerxe-2011.0.084/compiler/lib/ia32] ==> [/opt/intel/composerxe-2011.0.084/compiler/lib/ia32]
  collapse dir [/opt/intel/composerxe-2011.0.084/compiler/lib/ia32] ==> [/opt/intel/composerxe-2011.0.084/compiler/lib/ia32]
  collapse dir [/opt/intel/composerxe-2011.0.084/mkl/lib/ia32] ==> [/opt/intel/composerxe-2011.0.084/mkl/lib/ia32]
  collapse dir [/opt/intel/composerxe-2011.0.084/compiler/lib/ia32] ==> [/opt/intel/composerxe-2011.0.084/compiler/lib/ia32]
  collapse dir [/usr/lib/gcc/i486-linux-gnu/4.4.5/] ==> [/usr/lib/gcc/i486-linux-gnu/4.4.5]
  collapse dir [/usr/lib/gcc/i486-linux-gnu/4.4.5/../../../../lib/] ==> [/usr/lib]
  collapse dir [/lib/../lib/] ==> [/lib]
  collapse dir [/usr/lib/../lib/] ==> [/usr/lib]
  collapse dir [/opt/intel/composerxe-2011.0.084/compiler/lib/ia32/] ==> [/opt/intel/composerxe-2011.0.084/compiler/lib/ia32]
  collapse dir [/opt/intel/composerxe-2011.0.084/mkl/lib/ia32/] ==> [/opt/intel/composerxe-2011.0.084/mkl/lib/ia32]
  collapse dir [/usr/lib/gcc/i486-linux-gnu/4.4.5/../../../] ==> [/usr/lib]
  collapse dir [/lib/] ==> [/lib]
  collapse dir [/usr/lib/] ==> [/usr/lib]
  collapse dir [/usr/lib/i486-linux-gnu] ==> [/usr/lib/i486-linux-gnu]
  implicit libs: [ifport;ifcore;imf;svml;m;ipgo;intlc;c;irc_s;dl;c]
  implicit dirs: [/opt/intel/composerxe-2011.0.084/compiler/lib/ia32;/opt/intel/composerxe-2011.0.084/mkl/lib/ia32;/usr/lib/gcc/i486-linux-gnu/4.4.5;/usr/lib;/lib;/usr/lib/i486-linux-gnu]


Determining if the Fortran compiler supports Fortran 90 passed with the following output:
Change Dir: /home/dante/CODE/jedbrown-cmake-modules-f103d9f/build/CMakeFiles/CMakeTmp

Run Build Command:/usr/bin/make "cmTryCompileExec/fast"
/usr/bin/make -f CMakeFiles/cmTryCompileExec.dir/build.make CMakeFiles/cmTryCompileExec.dir/build
make[1]: Entering directory `/home/dante/CODE/jedbrown-cmake-modules-f103d9f/build/CMakeFiles/CMakeTmp'
/usr/bin/cmake -E cmake_progress_report /home/dante/CODE/jedbrown-cmake-modules-f103d9f/build/CMakeFiles/CMakeTmp/CMakeFiles 1
Building Fortran object CMakeFiles/cmTryCompileExec.dir/testFortranCompilerF90.f90.o
/opt/intel/composerxe-2011.0.084/bin/ia32/ifort  -o CMakeFiles/cmTryCompileExec.dir/testFortranCompilerF90.f90.o   -c /home/dante/CODE/jedbrown-cmake-modules-f103d9f/build/CMakeFiles/CMakeTmp/testFortranCompilerF90.f90
Linking Fortran executable cmTryCompileExec
/usr/bin/cmake -E cmake_link_script CMakeFiles/cmTryCompileExec.dir/link.txt --verbose=1
/opt/intel/composerxe-2011.0.084/bin/ia32/ifort        CMakeFiles/cmTryCompileExec.dir/testFortranCompilerF90.f90.o  -o cmTryCompileExec -i_dynamic 
make[1]: Leaving directory `/home/dante/CODE/jedbrown-cmake-modules-f103d9f/build/CMakeFiles/CMakeTmp'


Determining if the C compiler works passed with the following output:
Change Dir: /home/dante/CODE/jedbrown-cmake-modules-f103d9f/build/CMakeFiles/CMakeTmp

Run Build Command:/usr/bin/make "cmTryCompileExec/fast"
/usr/bin/make -f CMakeFiles/cmTryCompileExec.dir/build.make CMakeFiles/cmTryCompileExec.dir/build
make[1]: Entering directory `/home/dante/CODE/jedbrown-cmake-modules-f103d9f/build/CMakeFiles/CMakeTmp'
/usr/bin/cmake -E cmake_progress_report /home/dante/CODE/jedbrown-cmake-modules-f103d9f/build/CMakeFiles/CMakeTmp/CMakeFiles 1
Building C object CMakeFiles/cmTryCompileExec.dir/testCCompiler.c.o
/usr/bin/gcc    -o CMakeFiles/cmTryCompileExec.dir/testCCompiler.c.o   -c /home/dante/CODE/jedbrown-cmake-modules-f103d9f/build/CMakeFiles/CMakeTmp/testCCompiler.c
Linking C executable cmTryCompileExec
/usr/bin/cmake -E cmake_link_script CMakeFiles/cmTryCompileExec.dir/link.txt --verbose=1
/usr/bin/gcc        CMakeFiles/cmTryCompileExec.dir/testCCompiler.c.o  -o cmTryCompileExec -rdynamic 
make[1]: Leaving directory `/home/dante/CODE/jedbrown-cmake-modules-f103d9f/build/CMakeFiles/CMakeTmp'


Detecting C compiler ABI info compiled with the following output:
Change Dir: /home/dante/CODE/jedbrown-cmake-modules-f103d9f/build/CMakeFiles/CMakeTmp

Run Build Command:/usr/bin/make "cmTryCompileExec/fast"
/usr/bin/make -f CMakeFiles/cmTryCompileExec.dir/build.make CMakeFiles/cmTryCompileExec.dir/build
make[1]: Entering directory `/home/dante/CODE/jedbrown-cmake-modules-f103d9f/build/CMakeFiles/CMakeTmp'
/usr/bin/cmake -E cmake_progress_report /home/dante/CODE/jedbrown-cmake-modules-f103d9f/build/CMakeFiles/CMakeTmp/CMakeFiles 1
Building C object CMakeFiles/cmTryCompileExec.dir/CMakeCCompilerABI.c.o
/usr/bin/gcc    -o CMakeFiles/cmTryCompileExec.dir/CMakeCCompilerABI.c.o   -c /usr/share/cmake-2.8/Modules/CMakeCCompilerABI.c
Linking C executable cmTryCompileExec
/usr/bin/cmake -E cmake_link_script CMakeFiles/cmTryCompileExec.dir/link.txt --verbose=1
/usr/bin/gcc       -v CMakeFiles/cmTryCompileExec.dir/CMakeCCompilerABI.c.o  -o cmTryCompileExec -rdynamic  
Using built-in specs.
Target: i486-linux-gnu
Configured with: ../src/configure -v --with-pkgversion='Debian 4.4.5-8' --with-bugurl=file:///usr/share/doc/gcc-4.4/README.Bugs --enable-languages=c,c++,fortran,objc,obj-c++ --prefix=/usr --program-suffix=-4.4 --enable-shared --enable-multiarch --enable-linker-build-id --with-system-zlib --libexecdir=/usr/lib --without-included-gettext --enable-threads=posix --with-gxx-include-dir=/usr/include/c++/4.4 --libdir=/usr/lib --enable-nls --enable-clocale=gnu --enable-libstdcxx-debug --enable-objc-gc --enable-targets=all --with-arch-32=i586 --with-tune=generic --enable-checking=release --build=i486-linux-gnu --host=i486-linux-gnu --target=i486-linux-gnu
Thread model: posix
gcc version 4.4.5 (Debian 4.4.5-8) 
COMPILER_PATH=/usr/lib/gcc/i486-linux-gnu/4.4.5/:/usr/lib/gcc/i486-linux-gnu/4.4.5/:/usr/lib/gcc/i486-linux-gnu/:/usr/lib/gcc/i486-linux-gnu/4.4.5/:/usr/lib/gcc/i486-linux-gnu/:/usr/lib/gcc/i486-linux-gnu/4.4.5/:/usr/lib/gcc/i486-linux-gnu/
LIBRARY_PATH=/usr/lib/gcc/i486-linux-gnu/4.4.5/:/usr/lib/gcc/i486-linux-gnu/4.4.5/:/usr/lib/gcc/i486-linux-gnu/4.4.5/../../../../lib/:/lib/../lib/:/usr/lib/../lib/:/opt/intel/composerxe-2011.0.084/compiler/lib/ia32/:/opt/intel/composerxe-2011.0.084/compiler/lib/ia32/:/opt/intel/composerxe-2011.0.084/mkl/lib/ia32/:/usr/lib/gcc/i486-linux-gnu/4.4.5/../../../:/lib/:/usr/lib/:/usr/lib/i486-linux-gnu/
COLLECT_GCC_OPTIONS='-v' '-o' 'cmTryCompileExec' '-rdynamic' '-mtune=generic' '-march=i586'
 /usr/lib/gcc/i486-linux-gnu/4.4.5/collect2 --build-id --eh-frame-hdr -m elf_i386 --hash-style=both -export-dynamic -dynamic-linker /lib/ld-linux.so.2 -o cmTryCompileExec /usr/lib/gcc/i486-linux-gnu/4.4.5/../../../../lib/crt1.o /usr/lib/gcc/i486-linux-gnu/4.4.5/../../../../lib/crti.o /usr/lib/gcc/i486-linux-gnu/4.4.5/crtbegin.o -L/usr/lib/gcc/i486-linux-gnu/4.4.5 -L/usr/lib/gcc/i486-linux-gnu/4.4.5 -L/usr/lib/gcc/i486-linux-gnu/4.4.5/../../../../lib -L/lib/../lib -L/usr/lib/../lib -L/opt/intel/composerxe-2011.0.084/compiler/lib/ia32 -L/opt/intel/composerxe-2011.0.084/compiler/lib/ia32 -L/opt/intel/composerxe-2011.0.084/mkl/lib/ia32 -L/usr/lib/gcc/i486-linux-gnu/4.4.5/../../.. -L/usr/lib/i486-linux-gnu CMakeFiles/cmTryCompileExec.dir/CMakeCCompilerABI.c.o -lgcc --as-needed -lgcc_s --no-as-needed -lc -lgcc --as-needed -lgcc_s --no-as-needed /usr/lib/gcc/i486-linux-gnu/4.4.5/crtend.o /usr/lib/gcc/i486-linux-gnu/4.4.5/../../../../lib/crtn.o
make[1]: Leaving directory `/home/dante/CODE/jedbrown-cmake-modules-f103d9f/build/CMakeFiles/CMakeTmp'


Parsed C implicit link information from above output:
  link line regex: [^( *|.*[/\])(ld|ld|collect2)[^/\]*( |$)]
  ignore line: [Change Dir: /home/dante/CODE/jedbrown-cmake-modules-f103d9f/build/CMakeFiles/CMakeTmp]
  ignore line: []
  ignore line: [Run Build Command:/usr/bin/make "cmTryCompileExec/fast"]
  ignore line: [/usr/bin/make -f CMakeFiles/cmTryCompileExec.dir/build.make CMakeFiles/cmTryCompileExec.dir/build]
  ignore line: [make[1]: Entering directory `/home/dante/CODE/jedbrown-cmake-modules-f103d9f/build/CMakeFiles/CMakeTmp']
  ignore line: [/usr/bin/cmake -E cmake_progress_report /home/dante/CODE/jedbrown-cmake-modules-f103d9f/build/CMakeFiles/CMakeTmp/CMakeFiles 1]
  ignore line: [Building C object CMakeFiles/cmTryCompileExec.dir/CMakeCCompilerABI.c.o]
  ignore line: [/usr/bin/gcc    -o CMakeFiles/cmTryCompileExec.dir/CMakeCCompilerABI.c.o   -c /usr/share/cmake-2.8/Modules/CMakeCCompilerABI.c]
  ignore line: [Linking C executable cmTryCompileExec]
  ignore line: [/usr/bin/cmake -E cmake_link_script CMakeFiles/cmTryCompileExec.dir/link.txt --verbose=1]
  ignore line: [/usr/bin/gcc       -v CMakeFiles/cmTryCompileExec.dir/CMakeCCompilerABI.c.o  -o cmTryCompileExec -rdynamic  ]
  ignore line: [Using built-in specs.]
  ignore line: [Target: i486-linux-gnu]
  ignore line: [Configured with: ../src/configure -v --with-pkgversion='Debian 4.4.5-8' --with-bugurl=file:///usr/share/doc/gcc-4.4/README.Bugs --enable-languages=c,c++,fortran,objc,obj-c++ --prefix=/usr --program-suffix=-4.4 --enable-shared --enable-multiarch --enable-linker-build-id --with-system-zlib --libexecdir=/usr/lib --without-included-gettext --enable-threads=posix --with-gxx-include-dir=/usr/include/c++/4.4 --libdir=/usr/lib --enable-nls --enable-clocale=gnu --enable-libstdcxx-debug --enable-objc-gc --enable-targets=all --with-arch-32=i586 --with-tune=generic --enable-checking=release --build=i486-linux-gnu --host=i486-linux-gnu --target=i486-linux-gnu]
  ignore line: [Thread model: posix]
  ignore line: [gcc version 4.4.5 (Debian 4.4.5-8) ]
  ignore line: [COMPILER_PATH=/usr/lib/gcc/i486-linux-gnu/4.4.5/:/usr/lib/gcc/i486-linux-gnu/4.4.5/:/usr/lib/gcc/i486-linux-gnu/:/usr/lib/gcc/i486-linux-gnu/4.4.5/:/usr/lib/gcc/i486-linux-gnu/:/usr/lib/gcc/i486-linux-gnu/4.4.5/:/usr/lib/gcc/i486-linux-gnu/]
  ignore line: [LIBRARY_PATH=/usr/lib/gcc/i486-linux-gnu/4.4.5/:/usr/lib/gcc/i486-linux-gnu/4.4.5/:/usr/lib/gcc/i486-linux-gnu/4.4.5/../../../../lib/:/lib/../lib/:/usr/lib/../lib/:/opt/intel/composerxe-2011.0.084/compiler/lib/ia32/:/opt/intel/composerxe-2011.0.084/compiler/lib/ia32/:/opt/intel/composerxe-2011.0.084/mkl/lib/ia32/:/usr/lib/gcc/i486-linux-gnu/4.4.5/../../../:/lib/:/usr/lib/:/usr/lib/i486-linux-gnu/]
  ignore line: [COLLECT_GCC_OPTIONS='-v' '-o' 'cmTryCompileExec' '-rdynamic' '-mtune=generic' '-march=i586']
  link line: [ /usr/lib/gcc/i486-linux-gnu/4.4.5/collect2 --build-id --eh-frame-hdr -m elf_i386 --hash-style=both -export-dynamic -dynamic-linker /lib/ld-linux.so.2 -o cmTryCompileExec /usr/lib/gcc/i486-linux-gnu/4.4.5/../../../../lib/crt1.o /usr/lib/gcc/i486-linux-gnu/4.4.5/../../../../lib/crti.o /usr/lib/gcc/i486-linux-gnu/4.4.5/crtbegin.o -L/usr/lib/gcc/i486-linux-gnu/4.4.5 -L/usr/lib/gcc/i486-linux-gnu/4.4.5 -L/usr/lib/gcc/i486-linux-gnu/4.4.5/../../../../lib -L/lib/../lib -L/usr/lib/../lib -L/opt/intel/composerxe-2011.0.084/compiler/lib/ia32 -L/opt/intel/composerxe-2011.0.084/compiler/lib/ia32 -L/opt/intel/composerxe-2011.0.084/mkl/lib/ia32 -L/usr/lib/gcc/i486-linux-gnu/4.4.5/../../.. -L/usr/lib/i486-linux-gnu CMakeFiles/cmTryCompileExec.dir/CMakeCCompilerABI.c.o -lgcc --as-needed -lgcc_s --no-as-needed -lc -lgcc --as-needed -lgcc_s --no-as-needed /usr/lib/gcc/i486-linux-gnu/4.4.5/crtend.o /usr/lib/gcc/i486-linux-gnu/4.4.5/../../../../lib/crtn.o]
    arg [/usr/lib/gcc/i486-linux-gnu/4.4.5/collect2] ==> ignore
    arg [--build-id] ==> ignore
    arg [--eh-frame-hdr] ==> ignore
    arg [-m] ==> ignore
    arg [elf_i386] ==> ignore
    arg [--hash-style=both] ==> ignore
    arg [-export-dynamic] ==> ignore
    arg [-dynamic-linker] ==> ignore
    arg [/lib/ld-linux.so.2] ==> ignore
    arg [-o] ==> ignore
    arg [cmTryCompileExec] ==> ignore
    arg [/usr/lib/gcc/i486-linux-gnu/4.4.5/../../../../lib/crt1.o] ==> ignore
    arg [/usr/lib/gcc/i486-linux-gnu/4.4.5/../../../../lib/crti.o] ==> ignore
    arg [/usr/lib/gcc/i486-linux-gnu/4.4.5/crtbegin.o] ==> ignore
    arg [-L/usr/lib/gcc/i486-linux-gnu/4.4.5] ==> dir [/usr/lib/gcc/i486-linux-gnu/4.4.5]
    arg [-L/usr/lib/gcc/i486-linux-gnu/4.4.5] ==> dir [/usr/lib/gcc/i486-linux-gnu/4.4.5]
    arg [-L/usr/lib/gcc/i486-linux-gnu/4.4.5/../../../../lib] ==> dir [/usr/lib/gcc/i486-linux-gnu/4.4.5/../../../../lib]
    arg [-L/lib/../lib] ==> dir [/lib/../lib]
    arg [-L/usr/lib/../lib] ==> dir [/usr/lib/../lib]
    arg [-L/opt/intel/composerxe-2011.0.084/compiler/lib/ia32] ==> dir [/opt/intel/composerxe-2011.0.084/compiler/lib/ia32]
    arg [-L/opt/intel/composerxe-2011.0.084/compiler/lib/ia32] ==> dir [/opt/intel/composerxe-2011.0.084/compiler/lib/ia32]
    arg [-L/opt/intel/composerxe-2011.0.084/mkl/lib/ia32] ==> dir [/opt/intel/composerxe-2011.0.084/mkl/lib/ia32]
    arg [-L/usr/lib/gcc/i486-linux-gnu/4.4.5/../../..] ==> dir [/usr/lib/gcc/i486-linux-gnu/4.4.5/../../..]
    arg [-L/usr/lib/i486-linux-gnu] ==> dir [/usr/lib/i486-linux-gnu]
    arg [CMakeFiles/cmTryCompileExec.dir/CMakeCCompilerABI.c.o] ==> ignore
    arg [-lgcc] ==> lib [gcc]
    arg [--as-needed] ==> ignore
    arg [-lgcc_s] ==> lib [gcc_s]
    arg [--no-as-needed] ==> ignore
    arg [-lc] ==> lib [c]
    arg [-lgcc] ==> lib [gcc]
    arg [--as-needed] ==> ignore
    arg [-lgcc_s] ==> lib [gcc_s]
    arg [--no-as-needed] ==> ignore
    arg [/usr/lib/gcc/i486-linux-gnu/4.4.5/crtend.o] ==> ignore
    arg [/usr/lib/gcc/i486-linux-gnu/4.4.5/../../../../lib/crtn.o] ==> ignore
  remove lib [gcc]
  remove lib [gcc_s]
  remove lib [gcc]
  remove lib [gcc_s]
  collapse dir [/usr/lib/gcc/i486-linux-gnu/4.4.5] ==> [/usr/lib/gcc/i486-linux-gnu/4.4.5]
  collapse dir [/usr/lib/gcc/i486-linux-gnu/4.4.5] ==> [/usr/lib/gcc/i486-linux-gnu/4.4.5]
  collapse dir [/usr/lib/gcc/i486-linux-gnu/4.4.5/../../../../lib] ==> [/usr/lib]
  collapse dir [/lib/../lib] ==> [/lib]
  collapse dir [/usr/lib/../lib] ==> [/usr/lib]
  collapse dir [/opt/intel/composerxe-2011.0.084/compiler/lib/ia32] ==> [/opt/intel/composerxe-2011.0.084/compiler/lib/ia32]
  collapse dir [/opt/intel/composerxe-2011.0.084/compiler/lib/ia32] ==> [/opt/intel/composerxe-2011.0.084/compiler/lib/ia32]
  collapse dir [/opt/intel/composerxe-2011.0.084/mkl/lib/ia32] ==> [/opt/intel/composerxe-2011.0.084/mkl/lib/ia32]
  collapse dir [/usr/lib/gcc/i486-linux-gnu/4.4.5/../../..] ==> [/usr/lib]
  collapse dir [/usr/lib/i486-linux-gnu] ==> [/usr/lib/i486-linux-gnu]
  implicit libs: [c]
  implicit dirs: [/usr/lib/gcc/i486-linux-gnu/4.4.5;/usr/lib;/lib;/opt/intel/composerxe-2011.0.084/compiler/lib/ia32;/opt/intel/composerxe-2011.0.084/mkl/lib/ia32;/usr/lib/i486-linux-gnu]


Performing C SOURCE FILE Test MULTIPASS_TEST_3_petsc_works_alllibraries succeded with the following output:
Change Dir: /home/dante/CODE/jedbrown-cmake-modules-f103d9f/build/CMakeFiles/CMakeTmp

Run Build Command:/usr/bin/make "cmTryCompileExec/fast"
/usr/bin/make -f CMakeFiles/cmTryCompileExec.dir/build.make CMakeFiles/cmTryCompileExec.dir/build
make[1]: Entering directory `/home/dante/CODE/jedbrown-cmake-modules-f103d9f/build/CMakeFiles/CMakeTmp'
/usr/bin/cmake -E cmake_progress_report /home/dante/CODE/jedbrown-cmake-modules-f103d9f/build/CMakeFiles/CMakeTmp/CMakeFiles 1
Building C object CMakeFiles/cmTryCompileExec.dir/src.c.o
/usr/bin/gcc   -DMULTIPASS_TEST_3_petsc_works_alllibraries -I/home/dante/CODE/petsc-3.1-p7/linux-gnu-c-debug/include -I/home/dante/CODE/petsc-3.1-p7/include   -o CMakeFiles/cmTryCompileExec.dir/src.c.o   -c /home/dante/CODE/jedbrown-cmake-modules-f103d9f/build/CMakeFiles/CMakeTmp/src.c
Linking C executable cmTryCompileExec
/usr/bin/cmake -E cmake_link_script CMakeFiles/cmTryCompileExec.dir/link.txt --verbose=1
/usr/bin/gcc     -DMULTIPASS_TEST_3_petsc_works_alllibraries   CMakeFiles/cmTryCompileExec.dir/src.c.o  -o cmTryCompileExec -rdynamic /home/dante/CODE/petsc-3.1-p7/linux-gnu-c-debug/lib/libpetsc.a -lX11 -llapack -lblas -lnsl /home/dante/CODE/petsc-3.1-p7/linux-gnu-c-debug/lib/libmpichf90.a -lifport -lifcore -limf -lsvml -Wl,-Bstatic -lipgo -Wl,-Bdynamic -lirc -Wl,-Bstatic -lirc_s -Wl,-Bdynamic -lm /home/dante/CODE/petsc-3.1-p7/linux-gnu-c-debug/lib/libmpich.a -lpthread -lrt -lgcc_s -ldl 
make[1]: Leaving directory `/home/dante/CODE/jedbrown-cmake-modules-f103d9f/build/CMakeFiles/CMakeTmp'

Return value: 1
Source file was:

static const char help[] = "PETSc test program.";
#include "petscts.h"
int main(int argc,char *argv[]) {
  PetscErrorCode ierr;
  TS ts;

  ierr = PetscInitialize(&argc,&argv,0,help);CHKERRQ(ierr);
  ierr = TSCreate(PETSC_COMM_WORLD,&ts);CHKERRQ(ierr);
  ierr = TSSetFromOptions(ts);CHKERRQ(ierr);
  ierr = TSDestroy(ts);CHKERRQ(ierr);
  ierr = PetscFinalize();CHKERRQ(ierr);
  return 0;
}

